<?xml version="1.0" encoding="UTF-8"?>
<!-- Generated by org.testng.reporters.JUnitReportReporter -->
<testsuite hostname="LAPTOP-NP0VQLSQ" failures="0" tests="1" name="runner.TestRunner" time="12.927" errors="0" timestamp="2025-03-11T10:16:11 IST" skipped="0">
  <testcase classname="runner.TestRunner" name="runScenario" time="12.927"/>
  <system-out/>
</testsuite> <!-- runner.TestRunner -->
